build/app/intermediates/manifest_merge_blame_file/debug/manifest-merger-blame-debug-report.txt
1<?xml version="1.0" encoding="utf-8"?>
2<manifest xmlns:android="http://schemas.android.com/apk/res/android"
3    package="com.example.tp1_bk"
4    android:versionCode="1"
5    android:versionName="1.0.0" >
6
7    <uses-sdk
8        android:minSdkVersion="16"
9        android:targetSdkVersion="31" />
10    <!--
11         The INTERNET permission is required for development. Specifically,
12         the Flutter tool needs it to communicate with the running application
13         to allow setting breakpoints, to provide hot reload, etc.
14    -->
15    <uses-permission android:name="android.permission.INTERNET" />
15-->src/main/AndroidManifest.xml:6:5-66
15-->src/main/AndroidManifest.xml:6:22-64
16    <uses-permission android:name="android.permission.ACCESS_FINE_LOCATION" />
16-->src/main/AndroidManifest.xml:3:5-79
16-->src/main/AndroidManifest.xml:3:22-76
17    <uses-permission android:name="android.permission.ACCESS_COARSE_LOCATION" />
17-->src/main/AndroidManifest.xml:4:5-81
17-->src/main/AndroidManifest.xml:4:22-78
18    <uses-permission android:name="android.permission.ACCESS_BACKGROUND_LOCATION" />
18-->src/main/AndroidManifest.xml:5:5-85
18-->src/main/AndroidManifest.xml:5:22-82
19    <uses-permission android:name="android.permission.CAMERA" />
19-->[:flutter_barcode_scanner] AndroidManifest.xml:9:5-65
19-->[:flutter_barcode_scanner] AndroidManifest.xml:9:22-62
20
21    <uses-feature android:name="android.hardware.camera" />
21-->[:flutter_barcode_scanner] AndroidManifest.xml:11:5-60
21-->[:flutter_barcode_scanner] AndroidManifest.xml:11:19-57
22
23    <uses-permission android:name="android.permission.FLASHLIGHT" />
23-->[:flutter_barcode_scanner] AndroidManifest.xml:13:5-69
23-->[:flutter_barcode_scanner] AndroidManifest.xml:13:22-66
24    <uses-permission android:name="android.permission.FOREGROUND_SERVICE" />
24-->[:geolocator_android] AndroidManifest.xml:9:5-77
24-->[:geolocator_android] AndroidManifest.xml:9:22-74
25
26    <application
27        android:name="android.app.Application"
28        android:appComponentFactory="androidx.core.app.CoreComponentFactory"
28-->[androidx.core:core:1.6.0] AndroidManifest.xml:24:18-86
29        android:debuggable="true"
30        android:icon="@mipmap/ic_launcher"
31        android:label="tp1_bk"
32        android:largeHeap="true"
32-->[:flutter_barcode_scanner] AndroidManifest.xml:16:9-33
33        android:theme="@style/Theme.AppCompat.NoActionBar" >
33-->[:flutter_barcode_scanner] AndroidManifest.xml:17:9-59
34        <activity
35            android:name="com.example.tp1_bk.MainActivity"
36            android:configChanges="orientation|keyboardHidden|keyboard|screenSize|smallestScreenSize|locale|layoutDirection|fontScale|screenLayout|density|uiMode"
37            android:exported="true"
38            android:hardwareAccelerated="true"
39            android:launchMode="singleTop"
40            android:theme="@style/LaunchTheme"
41            android:windowSoftInputMode="adjustResize" >
42
43            <!--
44                 Specifies an Android theme to apply to this Activity as soon as
45                 the Android process has started. This theme is visible to the user
46                 while the Flutter UI initializes. After that, this theme continues
47                 to determine the Window background behind the Flutter UI.
48            -->
49            <meta-data
50                android:name="io.flutter.embedding.android.NormalTheme"
51                android:resource="@style/NormalTheme" />
52
53            <intent-filter>
54                <action android:name="android.intent.action.MAIN" />
55
56                <category android:name="android.intent.category.LAUNCHER" />
57            </intent-filter>
58        </activity>
59        <!--
60             Don't delete the meta-data below.
61             This is used by the Flutter tool to generate GeneratedPluginRegistrant.java
62        -->
63        <meta-data
64            android:name="flutterEmbedding"
65            android:value="2" />
66
67        <activity android:name="com.amolg.flutterbarcodescanner.BarcodeCaptureActivity" />
67-->[:flutter_barcode_scanner] AndroidManifest.xml:18:9-91
67-->[:flutter_barcode_scanner] AndroidManifest.xml:18:19-88
68
69        <service
69-->[:geolocator_android] AndroidManifest.xml:12:9-16:56
70            android:name="com.baseflow.geolocator.GeolocatorLocationService"
70-->[:geolocator_android] AndroidManifest.xml:13:13-77
71            android:enabled="true"
71-->[:geolocator_android] AndroidManifest.xml:14:13-35
72            android:exported="false"
72-->[:geolocator_android] AndroidManifest.xml:15:13-37
73            android:foregroundServiceType="location" />
73-->[:geolocator_android] AndroidManifest.xml:16:13-53
74
75        <activity
75-->[:url_launcher_android] AndroidManifest.xml:10:9-13:74
76            android:name="io.flutter.plugins.urllauncher.WebViewActivity"
76-->[:url_launcher_android] AndroidManifest.xml:11:13-74
77            android:exported="false"
77-->[:url_launcher_android] AndroidManifest.xml:12:13-37
78            android:theme="@android:style/Theme.NoTitleBar.Fullscreen" />
78-->[:url_launcher_android] AndroidManifest.xml:13:13-71
79
80        <uses-library
80-->[androidx.window:window:1.0.0-beta04] AndroidManifest.xml:25:9-27:40
81            android:name="androidx.window.extensions"
81-->[androidx.window:window:1.0.0-beta04] AndroidManifest.xml:26:13-54
82            android:required="false" />
82-->[androidx.window:window:1.0.0-beta04] AndroidManifest.xml:27:13-37
83        <uses-library
83-->[androidx.window:window:1.0.0-beta04] AndroidManifest.xml:28:9-30:40
84            android:name="androidx.window.sidecar"
84-->[androidx.window:window:1.0.0-beta04] AndroidManifest.xml:29:13-51
85            android:required="false" />
85-->[androidx.window:window:1.0.0-beta04] AndroidManifest.xml:30:13-37
86
87        <activity
87-->[com.google.android.gms:play-services-base:17.4.0] AndroidManifest.xml:23:9-26:75
88            android:name="com.google.android.gms.common.api.GoogleApiActivity"
88-->[com.google.android.gms:play-services-base:17.4.0] AndroidManifest.xml:24:13-79
89            android:exported="false"
89-->[com.google.android.gms:play-services-base:17.4.0] AndroidManifest.xml:25:13-37
90            android:theme="@android:style/Theme.Translucent.NoTitleBar" />
90-->[com.google.android.gms:play-services-base:17.4.0] AndroidManifest.xml:26:13-72
91
92        <meta-data
92-->[com.google.android.gms:play-services-basement:17.4.0] AndroidManifest.xml:23:9-25:69
93            android:name="com.google.android.gms.version"
93-->[com.google.android.gms:play-services-basement:17.4.0] AndroidManifest.xml:24:13-58
94            android:value="@integer/google_play_services_version" />
94-->[com.google.android.gms:play-services-basement:17.4.0] AndroidManifest.xml:25:13-66
95    </application>
96
97</manifest>